<?xml version="1.0" encoding="UTF-8"?>
<!-- Generated by org.testng.reporters.JUnitReportReporter -->
<testsuite hostname="DESKTOP-BR0LSTG" failures="0" tests="5" name="com.seleniumscripts.DataProviderTestNG" time="1.390" errors="0" timestamp="2020-10-19T12:42:14 CDT" skipped="0">
  <testcase classname="com.seleniumscripts.DataProviderTestNG" name="calculateInterest" time="0.513"/>
  <system-out/>
  <testcase classname="com.seleniumscripts.DataProviderTestNG" name="calculateInterest" time="0.212"/>
  <system-out/>
  <testcase classname="com.seleniumscripts.DataProviderTestNG" name="calculateInterest" time="0.238"/>
  <system-out/>
  <testcase classname="com.seleniumscripts.DataProviderTestNG" name="calculateInterest" time="0.207"/>
  <system-out/>
  <testcase classname="com.seleniumscripts.DataProviderTestNG" name="calculateInterest" time="0.220"/>
  <system-out/>
</testsuite> <!-- com.seleniumscripts.DataProviderTestNG -->
