<?xml version="1.0" encoding="UTF-8"?>
<!-- Generated by org.testng.reporters.JUnitReportReporter -->
<testsuite hostname="DESKTOP-BR0LSTG" failures="0" tests="3" name="com.TestCases.SignIn" time="8.710" errors="0" timestamp="2020-10-16T10:44:12 CDT" skipped="0">
  <testcase classname="com.TestCases.SignIn" name="verifyClickingCreateAccountwithblankEmailid" time="1.012"/>
  <system-out/>
  <testcase classname="com.TestCases.SignIn" name="verifyAccountAlreadyExist" time="1.540"/>
  <system-out/>
  <testcase classname="com.TestCases.SignIn" name="CreateAccountForNewUser" time="6.158"/>
  <system-out/>
</testsuite> <!-- com.TestCases.SignIn -->
