<?xml version="1.0" encoding="UTF-8"?>
<!-- Generated by org.testng.reporters.JUnitReportReporter -->
<testsuite hostname="DESKTOP-BR0LSTG" failures="0" tests="2" name="com.TestCases.AddItemTocart" time="8.652" errors="0" timestamp="2020-10-19T12:57:58 CDT" skipped="0">
  <testcase classname="com.TestCases.AddItemTocart" name="addingItemTocartThroughQuickView" time="5.374"/>
  <system-out/>
  <testcase classname="com.TestCases.AddItemTocart" name="addingItemTocartThroughCartButton" time="3.278"/>
  <system-out/>
</testsuite> <!-- com.TestCases.AddItemTocart -->
