<?xml version="1.0" encoding="UTF-8"?>
<!-- Generated by org.testng.reporters.JUnitReportReporter -->
<testsuite hostname="DESKTOP-BR0LSTG" failures="0" tests="2" name="com.TestCases.AddItemTocart" time="8.403" errors="0" timestamp="2020-10-16T10:44:12 CDT" skipped="0">
  <testcase classname="com.TestCases.AddItemTocart" name="addingItemTocartThroughQuickView" time="4.931"/>
  <system-out/>
  <testcase classname="com.TestCases.AddItemTocart" name="addingItemTocartThroughCartButton" time="3.472"/>
  <system-out/>
</testsuite> <!-- com.TestCases.AddItemTocart -->
