<?xml version="1.0" encoding="UTF-8"?>
<!-- Generated by org.testng.reporters.JUnitReportReporter -->
<testsuite hostname="DESKTOP-BR0LSTG" failures="0" tests="2" name="com.TestCases.Login" time="0.256" errors="0" timestamp="2020-10-07T10:40:55 CDT" skipped="0">
  <testcase classname="com.TestCases.Login" name="verifytitlePage" time="0.011"/>
  <system-out/>
  <testcase classname="com.TestCases.Login" name="verifysendMessageToCustomerService" time="0.245"/>
  <system-out/>
</testsuite> <!-- com.TestCases.Login -->
