<?xml version="1.0" encoding="UTF-8"?>
<!-- Generated by org.testng.reporters.JUnitReportReporter -->
<testsuite hostname="DESKTOP-BR0LSTG" failures="0" tests="2" name="com.TestCases.ContactUs" time="0.180" errors="0" timestamp="2020-10-12T22:28:47 CDT" skipped="0">
  <testcase classname="com.TestCases.ContactUs" name="verifytitlePage" time="0.010"/>
  <system-out/>
  <testcase classname="com.TestCases.ContactUs" name="verifysendMessageToCustomerService" time="0.170"/>
  <system-out/>
</testsuite> <!-- com.TestCases.ContactUs -->
